In file included from build.cpp:20,
                 from main.cpp:2:
../point.cpp: In constructor ‘Rect::Rect()’:
../point.cpp:43:23: error: no matching function for call to ‘Point::Point(int)’
 Rect::Rect():a(0), b(0){
                       ^
../point.cpp:9:1: note: candidate: ‘Point::Point(int, int)’
 Point::Point(int x, int y):x(x), y(y){
 ^~~~~
../point.cpp:9:1: note:   candidate expects 2 arguments, 1 provided
../point.cpp:7:1: note: candidate: ‘Point::Point(const Point&)’
 Point::Point(const Point& p):x(p.getX()), y(p.getY()){
 ^~~~~
../point.cpp:7:1: note:   no known conversion for argument 1 from ‘int’ to ‘const Point&’
../point.cpp:5:1: note: candidate: ‘Point::Point()’
 Point::Point():x(0), y(0){
 ^~~~~
../point.cpp:5:1: note:   candidate expects 0 arguments, 1 provided
../point.cpp:43:23: error: no matching function for call to ‘Point::Point(int)’
 Rect::Rect():a(0), b(0){
                       ^
../point.cpp:9:1: note: candidate: ‘Point::Point(int, int)’
 Point::Point(int x, int y):x(x), y(y){
 ^~~~~
../point.cpp:9:1: note:   candidate expects 2 arguments, 1 provided
../point.cpp:7:1: note: candidate: ‘Point::Point(const Point&)’
 Point::Point(const Point& p):x(p.getX()), y(p.getY()){
 ^~~~~
../point.cpp:7:1: note:   no known conversion for argument 1 from ‘int’ to ‘const Point&’
../point.cpp:5:1: note: candidate: ‘Point::Point()’
 Point::Point():x(0), y(0){
 ^~~~~
../point.cpp:5:1: note:   candidate expects 0 arguments, 1 provided
../point.cpp: In constructor ‘Rect::Rect(Point, Point)’:
../point.cpp:47:40: error: ‘bb’ was not declared in this scope
 Rect::Rect(Point aa, Point b):a(aa), b(bb){
                                        ^~
../point.cpp:47:40: note: suggested alternative: ‘b’
 Rect::Rect(Point aa, Point b):a(aa), b(bb){
                                        ^~
                                        b
g++: error: main.o: Нет такого файла или каталога
rm: невозможно удалить 'main.o': Нет такого файла или каталога
run.sh: строка 8: ./main: Нет такого файла или каталога
rm: невозможно удалить './main': Нет такого файла или каталога
